mode: set
github.com/huydq/product-service/main.go:8.13,10.2 1 0
github.com/huydq/product-service/app/core/mocks/index.go:33.77,37.2 3 0
github.com/huydq/product-service/app/core/mocks/index.go:40.75,42.2 1 0
github.com/huydq/product-service/app/core/mocks/index.go:45.110,51.2 5 0
github.com/huydq/product-service/app/core/mocks/index.go:54.89,57.2 2 0
github.com/huydq/product-service/app/core/repository/index.go:24.78,28.2 1 0
github.com/huydq/product-service/app/core/repository/index.go:30.70,34.2 1 0
github.com/huydq/product-service/app/core/repository/order.go:14.104,16.71 2 1
github.com/huydq/product-service/app/core/repository/order.go:16.71,26.17 6 1
github.com/huydq/product-service/app/core/repository/order.go:26.17,29.4 2 1
github.com/huydq/product-service/app/core/repository/order.go:32.3,35.39 3 1
github.com/huydq/product-service/app/core/repository/order.go:35.39,38.4 2 1
github.com/huydq/product-service/app/core/repository/order.go:40.3,43.17 4 1
github.com/huydq/product-service/app/core/repository/order.go:43.17,46.4 2 0
github.com/huydq/product-service/app/core/repository/order.go:48.3,48.13 1 1
github.com/huydq/product-service/app/core/repository/order.go:51.2,51.16 1 1
github.com/huydq/product-service/app/core/repository/order.go:51.16,54.3 2 1
github.com/huydq/product-service/app/core/repository/order.go:56.2,56.21 1 1
github.com/huydq/product-service/cmd/http.go:21.47,23.3 1 0
github.com/huydq/product-service/cmd/http.go:26.13,28.2 1 0
github.com/huydq/product-service/cmd/root.go:29.16,31.16 2 0
github.com/huydq/product-service/cmd/root.go:31.16,33.3 1 0
github.com/huydq/product-service/cmd/root.go:36.13,46.2 1 0
github.com/huydq/product-service/transport/http/index.go:20.13,22.2 1 0
github.com/huydq/product-service/transport/http/index.go:24.24,36.26 8 0
github.com/huydq/product-service/transport/http/index.go:36.26,37.38 1 0
github.com/huydq/product-service/transport/http/index.go:39.2,40.16 2 0
github.com/huydq/product-service/transport/http/index.go:40.16,41.13 1 0
github.com/huydq/product-service/transport/http/index.go:44.2,44.19 1 0
github.com/huydq/product-service/transport/http/wire_gen.go:20.128,27.2 6 0
github.com/huydq/product-service/transport/http/server/controller.go:21.22,27.2 1 0
github.com/huydq/product-service/transport/http/server/controller.go:29.37,32.2 2 0
github.com/huydq/product-service/transport/http/server/controller.go:34.36,36.2 1 0
github.com/huydq/product-service/transport/http/server/route_http.go:3.46,8.2 3 0
github.com/huydq/product-service/transport/http/handler/index.go:12.71,16.2 1 0
github.com/huydq/product-service/transport/http/handler/order.go:8.58,10.45 2 0
github.com/huydq/product-service/transport/http/handler/order.go:10.45,12.3 1 0
github.com/huydq/product-service/transport/http/handler/order.go:14.2,15.16 2 0
github.com/huydq/product-service/transport/http/handler/order.go:15.16,17.3 1 0
github.com/huydq/product-service/transport/http/handler/order.go:19.2,19.27 1 0
github.com/huydq/product-service/app/core/mocks/index.go:33.77,37.2 3 1
github.com/huydq/product-service/app/core/mocks/index.go:40.75,42.2 1 1
github.com/huydq/product-service/app/core/mocks/index.go:45.110,51.2 5 1
github.com/huydq/product-service/app/core/mocks/index.go:54.89,57.2 2 1
github.com/huydq/product-service/app/core/service/index.go:12.74,16.2 1 0
github.com/huydq/product-service/app/core/service/order.go:13.141,19.38 3 1
github.com/huydq/product-service/app/core/service/order.go:19.38,24.3 1 1
github.com/huydq/product-service/app/core/service/order.go:26.2,31.16 3 1
github.com/huydq/product-service/app/core/service/order.go:31.16,34.3 2 1
github.com/huydq/product-service/app/core/service/order.go:36.2,38.8 1 1
